c:\users\proyecto\downloads\funda\graphicstutorials - copy\graphicstutorials\debug\vc140.pdb
c:\users\proyecto\downloads\funda\graphicstutorials - copy\graphicstutorials\debug\vc140.idb
c:\users\proyecto\downloads\funda\graphicstutorials - copy\graphicstutorials\debug\main.obj
c:\users\proyecto\downloads\funda\graphicstutorials - copy\graphicstutorials\debug\maingame.obj
c:\users\proyecto\documents\fundamentos-teorio-de-juegos\graphicstutorials\debug\vc140.pdb
c:\users\proyecto\documents\fundamentos-teorio-de-juegos\graphicstutorials\debug\vc140.idb
c:\users\proyecto\documents\fundamentos-teorio-de-juegos\graphicstutorials\debug\gltexture.obj
c:\users\proyecto\documents\fundamentos-teorio-de-juegos\graphicstutorials\debug\main.obj
c:\users\proyecto\documents\fundamentos-teorio-de-juegos\graphicstutorials\debug\maingame.obj
c:\users\proyecto\documents\fundamentos-teorio-de-juegos\graphicstutorials\debug\error.obj
c:\users\proyecto\documents\fundamentos-teorio-de-juegos\graphicstutorials\debug\iomanager.obj
c:\users\proyecto\downloads\funda\graphicstutorials - copy\debug\engine.ilk
c:\users\proyecto\downloads\funda\graphicstutorials - copy\debug\engine.exe
c:\users\proyecto\downloads\funda\graphicstutorials - copy\debug\engine.pdb
c:\users\proyecto\documents\fundamentos-teorio-de-juegos\graphicstutorials\debug\errors.obj
c:\users\proyecto\documents\fundamentos-teorio-de-juegos\graphicstutorials\debug\imageloader.obj
c:\users\proyecto\documents\fundamentos-teorio-de-juegos\graphicstutorials\debug\mouse.obj
c:\users\proyecto\documents\fundamentos-teorio-de-juegos\graphicstutorials\debug\picopng.obj
c:\users\proyecto\documents\fundamentos-teorio-de-juegos\graphicstutorials\debug\iomanager.obj.enc
c:\users\proyecto\documents\fundamentos-teorio-de-juegos\debug\engine.pdb
c:\users\proyecto\documents\fundamentos-teorio-de-juegos\debug\engine.exe
c:\users\proyecto\documents\fundamentos-teorio-de-juegos\debug\engine.ilk
c:\users\proyecto\documents\fundamentos-teorio-de-juegos\graphicstutorials\debug\engine.tlog\cl.command.1.tlog
c:\users\proyecto\documents\fundamentos-teorio-de-juegos\graphicstutorials\debug\engine.tlog\cl.read.1.tlog
c:\users\proyecto\documents\fundamentos-teorio-de-juegos\graphicstutorials\debug\engine.tlog\cl.write.1.tlog
c:\users\proyecto\documents\fundamentos-teorio-de-juegos\graphicstutorials\debug\engine.tlog\link.command.1.tlog
c:\users\proyecto\documents\fundamentos-teorio-de-juegos\graphicstutorials\debug\engine.tlog\link.read.1.tlog
c:\users\proyecto\documents\fundamentos-teorio-de-juegos\graphicstutorials\debug\engine.tlog\link.write.1.tlog
